

Started GET "/" for 127.0.0.1 at Thu May 12 16:18:01 -0400 2011


Started GET "/" for 127.0.0.1 at Thu May 12 16:20:34 -0400 2011


Started GET "/" for 127.0.0.1 at Thu May 12 16:20:37 -0400 2011


Started GET "/" for 127.0.0.1 at Thu May 12 16:20:38 -0400 2011


Started GET "/" for 127.0.0.1 at Thu May 12 16:20:38 -0400 2011


Started GET "/" for 127.0.0.1 at Thu May 12 16:20:38 -0400 2011


Started GET "/" for 127.0.0.1 at Thu May 12 16:20:38 -0400 2011


Started GET "/" for 127.0.0.1 at Thu May 12 16:20:38 -0400 2011


Started GET "/" for 127.0.0.1 at Thu May 12 16:25:45 -0400 2011


Started GET "/" for 127.0.0.1 at Thu May 12 16:26:11 -0400 2011


Started GET "/" for 127.0.0.1 at Thu May 12 16:26:30 -0400 2011


Started GET "/" for 127.0.0.1 at Thu May 12 16:27:10 -0400 2011


Started GET "/" for 127.0.0.1 at Thu May 12 16:27:45 -0400 2011


Started GET "/" for 127.0.0.1 at Thu May 12 16:28:39 -0400 2011


Started GET "/" for 127.0.0.1 at Thu May 12 16:28:48 -0400 2011


Started GET "/" for 127.0.0.1 at Thu May 12 16:28:50 -0400 2011


Started GET "/" for 127.0.0.1 at Thu May 12 16:29:02 -0400 2011


Started GET "/" for 127.0.0.1 at Thu May 12 16:30:03 -0400 2011

Mysql2::Error (Unknown database 'paypal_development'):
  

Rendered /opt/local/lib/ruby/gems/1.8/gems/actionpack-3.0.7/lib/action_dispatch/middleware/templates/rescues/_trace.erb (1.1ms)
Rendered /opt/local/lib/ruby/gems/1.8/gems/actionpack-3.0.7/lib/action_dispatch/middleware/templates/rescues/_request_and_response.erb (10.8ms)
Rendered /opt/local/lib/ruby/gems/1.8/gems/actionpack-3.0.7/lib/action_dispatch/middleware/templates/rescues/diagnostics.erb within rescues/layout (24.9ms)


Started GET "/" for 127.0.0.1 at Thu May 12 16:30:32 -0400 2011

Mysql2::Error (Unknown database 'paypal_development'):
  

Rendered /opt/local/lib/ruby/gems/1.8/gems/actionpack-3.0.7/lib/action_dispatch/middleware/templates/rescues/_trace.erb (1.3ms)
Rendered /opt/local/lib/ruby/gems/1.8/gems/actionpack-3.0.7/lib/action_dispatch/middleware/templates/rescues/_request_and_response.erb (1.6ms)
Rendered /opt/local/lib/ruby/gems/1.8/gems/actionpack-3.0.7/lib/action_dispatch/middleware/templates/rescues/diagnostics.erb within rescues/layout (84.9ms)
  [1m[36mSQL (0.3ms)[0m  [1mSHOW TABLES[0m
  [1m[35mSQL (124.2ms)[0m  CREATE TABLE `schema_migrations` (`version` varchar(255) NOT NULL) ENGINE=InnoDB
  [1m[36mSQL (0.4ms)[0m  [1mSHOW KEYS FROM `schema_migrations`[0m
  [1m[35mSQL (432.6ms)[0m  CREATE UNIQUE INDEX `unique_schema_migrations` ON `schema_migrations` (`version`)
  [1m[36mSQL (0.3ms)[0m  [1mSHOW TABLES[0m
  [1m[35mSQL (0.3ms)[0m  SHOW TABLES
  [1m[36mSQL (0.2ms)[0m  [1mSHOW TABLES[0m
  [1m[35mSQL (0.8ms)[0m  SELECT `schema_migrations`.`version` FROM `schema_migrations`
  [1m[36mSQL (0.3ms)[0m  [1mSHOW TABLES[0m


Started GET "/" for 127.0.0.1 at Thu May 12 16:31:12 -0400 2011


Started GET "/" for 127.0.0.1 at Thu May 12 16:31:14 -0400 2011


Started GET "/" for 127.0.0.1 at Thu May 12 16:31:14 -0400 2011


Started GET "/" for 127.0.0.1 at Thu May 12 16:31:14 -0400 2011


Started GET "/" for 127.0.0.1 at Thu May 12 16:31:22 -0400 2011


Started GET "/" for 127.0.0.1 at Thu May 12 16:31:42 -0400 2011


Started GET "/" for 127.0.0.1 at Thu May 12 16:33:31 -0400 2011


Started GET "/" for 127.0.0.1 at Thu May 12 16:33:36 -0400 2011


Started GET "/" for 127.0.0.1 at Thu May 12 16:57:22 -0400 2011


Started GET "/" for 127.0.0.1 at Thu May 12 18:46:28 -0400 2011


Started GET "/" for 127.0.0.1 at Thu May 12 19:04:45 -0400 2011


Started GET "/" for 127.0.0.1 at Thu May 12 19:13:04 -0400 2011

ActionController::RoutingError (No route matches "/"):
  

Rendered /opt/local/lib/ruby/gems/1.8/gems/actionpack-3.0.7/lib/action_dispatch/middleware/templates/rescues/routing_error.erb within rescues/layout (0.9ms)


Started GET "/" for 127.0.0.1 at Thu May 12 19:13:23 -0400 2011

ActionController::RoutingError (No route matches "/"):
  

Rendered /opt/local/lib/ruby/gems/1.8/gems/actionpack-3.0.7/lib/action_dispatch/middleware/templates/rescues/routing_error.erb within rescues/layout (1.5ms)


Started GET "/ipn_endpoint" for 127.0.0.1 at Thu May 12 19:13:39 -0400 2011

ActionController::RoutingError (No route matches "/ipn_endpoint"):
  

Rendered /opt/local/lib/ruby/gems/1.8/gems/actionpack-3.0.7/lib/action_dispatch/middleware/templates/rescues/routing_error.erb within rescues/layout (0.8ms)


Started GET "/" for 127.0.0.1 at Thu May 12 19:13:50 -0400 2011

ActionController::RoutingError (No route matches "/"):
  

Rendered /opt/local/lib/ruby/gems/1.8/gems/actionpack-3.0.7/lib/action_dispatch/middleware/templates/rescues/routing_error.erb within rescues/layout (0.9ms)


Started GET "/ipn_endpoint" for 127.0.0.1 at Thu May 12 19:13:57 -0400 2011

ActionController::RoutingError (No route matches "/ipn_endpoint"):
  

Rendered /opt/local/lib/ruby/gems/1.8/gems/actionpack-3.0.7/lib/action_dispatch/middleware/templates/rescues/routing_error.erb within rescues/layout (0.9ms)


Started GET "/ipn_endpoint/" for 127.0.0.1 at Thu May 12 19:14:17 -0400 2011

ActionController::RoutingError (No route matches "/ipn_endpoint"):
  

Rendered /opt/local/lib/ruby/gems/1.8/gems/actionpack-3.0.7/lib/action_dispatch/middleware/templates/rescues/routing_error.erb within rescues/layout (0.9ms)


Started GET "/ipn_endpoint/" for 127.0.0.1 at Thu May 12 19:18:27 -0400 2011

ActionController::RoutingError (No route matches "/ipn_endpoint"):
  

Rendered /opt/local/lib/ruby/gems/1.8/gems/actionpack-3.0.7/lib/action_dispatch/middleware/templates/rescues/routing_error.erb within rescues/layout (0.8ms)


Started GET "/ipn_endpoint/" for 127.0.0.1 at Thu May 12 19:18:28 -0400 2011

ActionController::RoutingError (No route matches "/ipn_endpoint"):
  

Rendered /opt/local/lib/ruby/gems/1.8/gems/actionpack-3.0.7/lib/action_dispatch/middleware/templates/rescues/routing_error.erb within rescues/layout (0.8ms)


Started GET "/ipn_endpoint/" for 127.0.0.1 at Thu May 12 19:24:21 -0400 2011

ActionController::RoutingError (No route matches "/ipn_endpoint"):
  

Rendered /opt/local/lib/ruby/gems/1.8/gems/actionpack-3.0.7/lib/action_dispatch/middleware/templates/rescues/routing_error.erb within rescues/layout (1.0ms)


Started GET "/ipn_endpoint/" for 127.0.0.1 at Thu May 12 19:24:22 -0400 2011

ActionController::RoutingError (No route matches "/ipn_endpoint"):
  

Rendered /opt/local/lib/ruby/gems/1.8/gems/actionpack-3.0.7/lib/action_dispatch/middleware/templates/rescues/routing_error.erb within rescues/layout (0.8ms)


Started GET "/ipn_endpoint/" for 127.0.0.1 at Thu May 12 19:28:13 -0400 2011


Started GET "/ipn_endpoint/" for 127.0.0.1 at Thu May 12 19:28:15 -0400 2011


Started GET "/ipn_endpoint/" for 127.0.0.1 at Thu May 12 19:28:16 -0400 2011


Started GET "/ipn_endpoint/" for 127.0.0.1 at Thu May 12 19:28:18 -0400 2011


Started GET "/ipn_endpoint/" for 127.0.0.1 at Thu May 12 19:28:18 -0400 2011


Started GET "/ipn_endpoint/" for 127.0.0.1 at Thu May 12 19:28:18 -0400 2011


Started GET "/ipn_endpoint/" for 127.0.0.1 at Thu May 12 19:28:19 -0400 2011


Started GET "/ipn_endpoint/" for 127.0.0.1 at Thu May 12 19:28:19 -0400 2011


Started GET "/ipn_endpoint" for 127.0.0.1 at Thu May 12 19:28:23 -0400 2011


Started GET "/ipn_endpoint" for 127.0.0.1 at Thu May 12 19:29:05 -0400 2011


Started GET "/ipn_endpoint" for 127.0.0.1 at Thu May 12 19:29:10 -0400 2011


Started GET "/ipn_endpoint" for 127.0.0.1 at Thu May 12 19:29:10 -0400 2011


Started GET "/ipn_endpoint" for 127.0.0.1 at Thu May 12 19:29:10 -0400 2011


Started GET "/ipn_endpoint" for 127.0.0.1 at Thu May 12 19:29:11 -0400 2011


Started GET "/ipn_endpoint" for 127.0.0.1 at Thu May 12 19:29:11 -0400 2011


Started GET "/ipn_endpoint" for 127.0.0.1 at Thu May 12 19:29:12 -0400 2011


Started GET "/ipn_endpoint" for 127.0.0.1 at Thu May 12 19:29:13 -0400 2011


Started GET "/ipn_endpoint" for 127.0.0.1 at Thu May 12 19:37:59 -0400 2011


Started GET "/ipn_endpoint" for 127.0.0.1 at Thu May 12 19:38:01 -0400 2011


Started GET "/ipn_endpoint" for 127.0.0.1 at Thu May 12 19:38:02 -0400 2011


Started GET "/ipn_endpoint" for 127.0.0.1 at Thu May 12 19:38:02 -0400 2011


Started GET "/ipn_endpoint" for 127.0.0.1 at Thu May 12 19:38:03 -0400 2011


Started GET "/ipn_endpoint" for 127.0.0.1 at Thu May 12 19:38:03 -0400 2011


Started GET "/ipn_endpoint" for 127.0.0.1 at Thu May 12 19:38:03 -0400 2011


Started GET "/ipn_endpoint" for 127.0.0.1 at Thu May 12 19:40:33 -0400 2011


Started GET "/ipn_endpoint" for 127.0.0.1 at Thu May 12 19:40:34 -0400 2011


Started GET "/ipn_endpoint" for 127.0.0.1 at Thu May 12 19:40:36 -0400 2011


Started GET "/ipn_endpoint" for 127.0.0.1 at Thu May 12 19:40:36 -0400 2011


Started GET "/ipn_endpoint" for 127.0.0.1 at Thu May 12 19:40:37 -0400 2011


Started GET "/ipn_endpoint" for 127.0.0.1 at Thu May 12 19:40:37 -0400 2011


Started GET "/ipn_endpoint" for 127.0.0.1 at Thu May 12 19:40:37 -0400 2011


Started GET "/ipn_endpoint?hola=chao" for 127.0.0.1 at Thu May 12 19:40:46 -0400 2011


Started GET "/ipn_endpoint?hola=adriana&como=estas" for 127.0.0.1 at Thu May 12 19:41:12 -0400 2011


Started GET "/ipn_endpoint?hola=adriana&como=estas" for 127.0.0.1 at Thu May 12 19:42:31 -0400 2011


Started GET "/ipn_endpoint?hola=adriana&como=estas" for 127.0.0.1 at Thu May 12 20:44:16 -0400 2011


Started GET "/ipn_endpoint?hola=adriana&como=estas" for 127.0.0.1 at Thu May 12 22:52:11 -0400 2011


Started GET "/ipn_endpoint?hola=adriana&como=estas" for 127.0.0.1 at Fri May 13 14:40:08 -0400 2011


Started GET "/" for 127.0.0.1 at Fri May 13 15:11:14 -0400 2011

ActionController::RoutingError (No route matches "/"):
  

Rendered /opt/local/lib/ruby/gems/1.8/gems/actionpack-3.0.7/lib/action_dispatch/middleware/templates/rescues/routing_error.erb within rescues/layout (1.1ms)


Started GET "/ipn_endpoint" for 127.0.0.1 at Fri May 13 15:11:22 -0400 2011


Started GET "/" for 127.0.0.1 at Mon May 16 15:24:35 -0400 2011


Started GET "/" for 127.0.0.1 at Mon May 16 15:28:00 -0400 2011


Started GET "/" for 127.0.0.1 at Mon May 16 15:28:02 -0400 2011


Started GET "/" for 127.0.0.1 at Mon May 16 15:28:02 -0400 2011


Started GET "/" for 127.0.0.1 at Mon May 16 15:28:02 -0400 2011


Started GET "/" for 127.0.0.1 at Mon May 16 15:28:02 -0400 2011


Started GET "/" for 127.0.0.1 at Mon May 16 15:28:04 -0400 2011


Started GET "/" for 127.0.0.1 at Mon May 16 15:28:04 -0400 2011


Started GET "/" for 127.0.0.1 at Mon May 16 15:31:32 -0400 2011
Rendered test_app/buy.html.haml (1.1ms)


Started GET "/" for 127.0.0.1 at Mon May 16 15:31:40 -0400 2011
Rendered test_app/buy.html.haml (2.3ms)


Started GET "/" for 127.0.0.1 at Mon May 16 16:06:53 -0400 2011
Rendered test_app/index.html.haml (1.7ms)

ActionView::Template::Error (undefined method `model_name' for Proc:Class):
    1: %h1 wena choro
    2: %p= link_to "comprar un libro", TestApp.action(:buy)
  app/views/test_app/index.html.haml:2:in `_app_views_test_app_index_html_haml___1971382725_2164141200_0'
  lib/test_app.rb:6:in `index'

Rendered /opt/local/lib/ruby/gems/1.8/gems/actionpack-3.0.7/lib/action_dispatch/middleware/templates/rescues/_trace.erb (1.3ms)
Rendered /opt/local/lib/ruby/gems/1.8/gems/actionpack-3.0.7/lib/action_dispatch/middleware/templates/rescues/_request_and_response.erb (12.3ms)
Rendered /opt/local/lib/ruby/gems/1.8/gems/actionpack-3.0.7/lib/action_dispatch/middleware/templates/rescues/template_error.erb within rescues/layout (21.2ms)


Started GET "/" for 127.0.0.1 at Mon May 16 16:14:53 -0400 2011
Rendered test_app/index.html.haml (10.4ms)

ActionView::Template::Error (undefined local variable or method `buy_path' for #<#<Class:0x101f9fbf8>:0x101fa12c8>):
    1: %h1 wena choro
    2: %p= link_to "comprar un libro", buy_path
  app/views/test_app/index.html.haml:2:in `_app_views_test_app_index_html_haml___1971382725_2164023560_0'
  lib/test_app.rb:6:in `index'

Rendered /opt/local/lib/ruby/gems/1.8/gems/actionpack-3.0.7/lib/action_dispatch/middleware/templates/rescues/_trace.erb (1.3ms)
Rendered /opt/local/lib/ruby/gems/1.8/gems/actionpack-3.0.7/lib/action_dispatch/middleware/templates/rescues/_request_and_response.erb (4.8ms)
Rendered /opt/local/lib/ruby/gems/1.8/gems/actionpack-3.0.7/lib/action_dispatch/middleware/templates/rescues/template_error.erb within rescues/layout (18.6ms)


Started GET "/" for 127.0.0.1 at Mon May 16 16:14:55 -0400 2011
Rendered test_app/index.html.haml (7.5ms)

ActionView::Template::Error (undefined local variable or method `buy_path' for #<#<Class:0x101f9fbf8>:0x101684078>):
    1: %h1 wena choro
    2: %p= link_to "comprar un libro", buy_path
  app/views/test_app/index.html.haml:2:in `_app_views_test_app_index_html_haml___1971382725_2159283120_0'
  lib/test_app.rb:6:in `index'

Rendered /opt/local/lib/ruby/gems/1.8/gems/actionpack-3.0.7/lib/action_dispatch/middleware/templates/rescues/_trace.erb (1.4ms)
Rendered /opt/local/lib/ruby/gems/1.8/gems/actionpack-3.0.7/lib/action_dispatch/middleware/templates/rescues/_request_and_response.erb (4.0ms)
Rendered /opt/local/lib/ruby/gems/1.8/gems/actionpack-3.0.7/lib/action_dispatch/middleware/templates/rescues/template_error.erb within rescues/layout (126.7ms)


Started GET "/" for 127.0.0.1 at Mon May 16 16:16:00 -0400 2011
Rendered test_app/index.html.haml (1.7ms)

ActionView::Template::Error (undefined method `model_name' for Proc:Class):
    1: %h1 wena choro
    2: %p= link_to "comprar un libro", TestApp.action(:buy)
  app/views/test_app/index.html.haml:2:in `_app_views_test_app_index_html_haml___1971382725_2201521400_0'
  lib/test_app.rb:6:in `index'

Rendered /opt/local/lib/ruby/gems/1.8/gems/actionpack-3.0.7/lib/action_dispatch/middleware/templates/rescues/_trace.erb (1.4ms)
Rendered /opt/local/lib/ruby/gems/1.8/gems/actionpack-3.0.7/lib/action_dispatch/middleware/templates/rescues/_request_and_response.erb (4.2ms)
Rendered /opt/local/lib/ruby/gems/1.8/gems/actionpack-3.0.7/lib/action_dispatch/middleware/templates/rescues/template_error.erb within rescues/layout (12.1ms)


Started GET "/" for 127.0.0.1 at Mon May 16 16:16:01 -0400 2011
Rendered test_app/index.html.haml (1.7ms)

ActionView::Template::Error (undefined method `model_name' for Proc:Class):
    1: %h1 wena choro
    2: %p= link_to "comprar un libro", TestApp.action(:buy)
  app/views/test_app/index.html.haml:2:in `_app_views_test_app_index_html_haml___1971382725_2201122780_0'
  lib/test_app.rb:6:in `index'

Rendered /opt/local/lib/ruby/gems/1.8/gems/actionpack-3.0.7/lib/action_dispatch/middleware/templates/rescues/_trace.erb (1.2ms)
Rendered /opt/local/lib/ruby/gems/1.8/gems/actionpack-3.0.7/lib/action_dispatch/middleware/templates/rescues/_request_and_response.erb (3.9ms)
Rendered /opt/local/lib/ruby/gems/1.8/gems/actionpack-3.0.7/lib/action_dispatch/middleware/templates/rescues/template_error.erb within rescues/layout (11.4ms)


Started GET "/" for 127.0.0.1 at Mon May 16 16:16:02 -0400 2011
Rendered test_app/index.html.haml (2.6ms)

ActionView::Template::Error (undefined method `model_name' for Proc:Class):
    1: %h1 wena choro
    2: %p= link_to "comprar un libro", TestApp.action(:buy)
  app/views/test_app/index.html.haml:2:in `_app_views_test_app_index_html_haml___1971382725_2200738880_0'
  lib/test_app.rb:6:in `index'

Rendered /opt/local/lib/ruby/gems/1.8/gems/actionpack-3.0.7/lib/action_dispatch/middleware/templates/rescues/_trace.erb (1.3ms)
Rendered /opt/local/lib/ruby/gems/1.8/gems/actionpack-3.0.7/lib/action_dispatch/middleware/templates/rescues/_request_and_response.erb (3.7ms)
Rendered /opt/local/lib/ruby/gems/1.8/gems/actionpack-3.0.7/lib/action_dispatch/middleware/templates/rescues/template_error.erb within rescues/layout (12.0ms)


Started GET "/" for 127.0.0.1 at Mon May 16 16:16:02 -0400 2011
Rendered test_app/index.html.haml (1.7ms)

ActionView::Template::Error (undefined method `model_name' for Proc:Class):
    1: %h1 wena choro
    2: %p= link_to "comprar un libro", TestApp.action(:buy)
  app/views/test_app/index.html.haml:2:in `_app_views_test_app_index_html_haml___1971382725_2200354980_0'
  lib/test_app.rb:6:in `index'

Rendered /opt/local/lib/ruby/gems/1.8/gems/actionpack-3.0.7/lib/action_dispatch/middleware/templates/rescues/_trace.erb (2.1ms)
Rendered /opt/local/lib/ruby/gems/1.8/gems/actionpack-3.0.7/lib/action_dispatch/middleware/templates/rescues/_request_and_response.erb (4.6ms)
Rendered /opt/local/lib/ruby/gems/1.8/gems/actionpack-3.0.7/lib/action_dispatch/middleware/templates/rescues/template_error.erb within rescues/layout (13.4ms)


Started GET "/" for 127.0.0.1 at Mon May 16 16:16:02 -0400 2011
Rendered test_app/index.html.haml (1.5ms)

ActionView::Template::Error (undefined method `model_name' for Proc:Class):
    1: %h1 wena choro
    2: %p= link_to "comprar un libro", TestApp.action(:buy)
  app/views/test_app/index.html.haml:2:in `_app_views_test_app_index_html_haml___1971382725_2199971080_0'
  lib/test_app.rb:6:in `index'

Rendered /opt/local/lib/ruby/gems/1.8/gems/actionpack-3.0.7/lib/action_dispatch/middleware/templates/rescues/_trace.erb (1.2ms)
Rendered /opt/local/lib/ruby/gems/1.8/gems/actionpack-3.0.7/lib/action_dispatch/middleware/templates/rescues/_request_and_response.erb (3.9ms)
Rendered /opt/local/lib/ruby/gems/1.8/gems/actionpack-3.0.7/lib/action_dispatch/middleware/templates/rescues/template_error.erb within rescues/layout (11.2ms)


Started GET "/" for 127.0.0.1 at Mon May 16 16:16:02 -0400 2011
Rendered test_app/index.html.haml (2.0ms)

ActionView::Template::Error (undefined method `model_name' for Proc:Class):
    1: %h1 wena choro
    2: %p= link_to "comprar un libro", TestApp.action(:buy)
  app/views/test_app/index.html.haml:2:in `_app_views_test_app_index_html_haml___1971382725_2199587180_0'
  lib/test_app.rb:6:in `index'

Rendered /opt/local/lib/ruby/gems/1.8/gems/actionpack-3.0.7/lib/action_dispatch/middleware/templates/rescues/_trace.erb (2.1ms)
Rendered /opt/local/lib/ruby/gems/1.8/gems/actionpack-3.0.7/lib/action_dispatch/middleware/templates/rescues/_request_and_response.erb (4.0ms)
Rendered /opt/local/lib/ruby/gems/1.8/gems/actionpack-3.0.7/lib/action_dispatch/middleware/templates/rescues/template_error.erb within rescues/layout (12.4ms)


Started GET "/" for 127.0.0.1 at Mon May 16 16:16:02 -0400 2011
Rendered test_app/index.html.haml (1.7ms)

ActionView::Template::Error (undefined method `model_name' for Proc:Class):
    1: %h1 wena choro
    2: %p= link_to "comprar un libro", TestApp.action(:buy)
  app/views/test_app/index.html.haml:2:in `_app_views_test_app_index_html_haml___1971382725_2201328400_0'
  lib/test_app.rb:6:in `index'

Rendered /opt/local/lib/ruby/gems/1.8/gems/actionpack-3.0.7/lib/action_dispatch/middleware/templates/rescues/_trace.erb (1.2ms)
Rendered /opt/local/lib/ruby/gems/1.8/gems/actionpack-3.0.7/lib/action_dispatch/middleware/templates/rescues/_request_and_response.erb (3.6ms)
Rendered /opt/local/lib/ruby/gems/1.8/gems/actionpack-3.0.7/lib/action_dispatch/middleware/templates/rescues/template_error.erb within rescues/layout (10.7ms)


Started GET "/" for 127.0.0.1 at Mon May 16 16:16:03 -0400 2011
Rendered test_app/index.html.haml (1.9ms)

ActionView::Template::Error (undefined method `model_name' for Proc:Class):
    1: %h1 wena choro
    2: %p= link_to "comprar un libro", TestApp.action(:buy)
  app/views/test_app/index.html.haml:2:in `_app_views_test_app_index_html_haml___1971382725_2200917800_0'
  lib/test_app.rb:6:in `index'

Rendered /opt/local/lib/ruby/gems/1.8/gems/actionpack-3.0.7/lib/action_dispatch/middleware/templates/rescues/_trace.erb (1.6ms)
Rendered /opt/local/lib/ruby/gems/1.8/gems/actionpack-3.0.7/lib/action_dispatch/middleware/templates/rescues/_request_and_response.erb (5.6ms)
Rendered /opt/local/lib/ruby/gems/1.8/gems/actionpack-3.0.7/lib/action_dispatch/middleware/templates/rescues/template_error.erb within rescues/layout (14.3ms)


Started GET "/" for 127.0.0.1 at Mon May 16 16:16:03 -0400 2011
Rendered test_app/index.html.haml (2.1ms)

ActionView::Template::Error (undefined method `model_name' for Proc:Class):
    1: %h1 wena choro
    2: %p= link_to "comprar un libro", TestApp.action(:buy)
  app/views/test_app/index.html.haml:2:in `_app_views_test_app_index_html_haml___1971382725_2200507980_0'
  lib/test_app.rb:6:in `index'

Rendered /opt/local/lib/ruby/gems/1.8/gems/actionpack-3.0.7/lib/action_dispatch/middleware/templates/rescues/_trace.erb (1.3ms)
Rendered /opt/local/lib/ruby/gems/1.8/gems/actionpack-3.0.7/lib/action_dispatch/middleware/templates/rescues/_request_and_response.erb (4.4ms)
Rendered /opt/local/lib/ruby/gems/1.8/gems/actionpack-3.0.7/lib/action_dispatch/middleware/templates/rescues/template_error.erb within rescues/layout (15.8ms)


Started GET "/" for 127.0.0.1 at Mon May 16 16:16:03 -0400 2011
Rendered test_app/index.html.haml (1.6ms)

ActionView::Template::Error (undefined method `model_name' for Proc:Class):
    1: %h1 wena choro
    2: %p= link_to "comprar un libro", TestApp.action(:buy)
  app/views/test_app/index.html.haml:2:in `_app_views_test_app_index_html_haml___1971382725_2200091720_0'
  lib/test_app.rb:6:in `index'

Rendered /opt/local/lib/ruby/gems/1.8/gems/actionpack-3.0.7/lib/action_dispatch/middleware/templates/rescues/_trace.erb (1.2ms)
Rendered /opt/local/lib/ruby/gems/1.8/gems/actionpack-3.0.7/lib/action_dispatch/middleware/templates/rescues/_request_and_response.erb (3.8ms)
Rendered /opt/local/lib/ruby/gems/1.8/gems/actionpack-3.0.7/lib/action_dispatch/middleware/templates/rescues/template_error.erb within rescues/layout (11.3ms)


Started GET "/" for 127.0.0.1 at Mon May 16 16:16:03 -0400 2011
Rendered test_app/index.html.haml (1.7ms)

ActionView::Template::Error (undefined method `model_name' for Proc:Class):
    1: %h1 wena choro
    2: %p= link_to "comprar un libro", TestApp.action(:buy)
  app/views/test_app/index.html.haml:2:in `_app_views_test_app_index_html_haml___1971382725_2199667540_0'
  lib/test_app.rb:6:in `index'

Rendered /opt/local/lib/ruby/gems/1.8/gems/actionpack-3.0.7/lib/action_dispatch/middleware/templates/rescues/_trace.erb (1.3ms)
Rendered /opt/local/lib/ruby/gems/1.8/gems/actionpack-3.0.7/lib/action_dispatch/middleware/templates/rescues/_request_and_response.erb (4.0ms)
Rendered /opt/local/lib/ruby/gems/1.8/gems/actionpack-3.0.7/lib/action_dispatch/middleware/templates/rescues/template_error.erb within rescues/layout (15.0ms)


Started GET "/" for 127.0.0.1 at Mon May 16 16:16:03 -0400 2011
Rendered test_app/index.html.haml (107.1ms)

ActionView::Template::Error (undefined method `model_name' for Proc:Class):
    1: %h1 wena choro
    2: %p= link_to "comprar un libro", TestApp.action(:buy)
  app/views/test_app/index.html.haml:2:in `_app_views_test_app_index_html_haml___1971382725_2199265480_0'
  lib/test_app.rb:6:in `index'

Rendered /opt/local/lib/ruby/gems/1.8/gems/actionpack-3.0.7/lib/action_dispatch/middleware/templates/rescues/_trace.erb (1.4ms)
Rendered /opt/local/lib/ruby/gems/1.8/gems/actionpack-3.0.7/lib/action_dispatch/middleware/templates/rescues/_request_and_response.erb (4.4ms)
Rendered /opt/local/lib/ruby/gems/1.8/gems/actionpack-3.0.7/lib/action_dispatch/middleware/templates/rescues/template_error.erb within rescues/layout (16.3ms)


Started GET "/" for 127.0.0.1 at Mon May 16 16:16:03 -0400 2011
Rendered test_app/index.html.haml (1.5ms)

ActionView::Template::Error (undefined method `model_name' for Proc:Class):
    1: %h1 wena choro
    2: %p= link_to "comprar un libro", TestApp.action(:buy)
  app/views/test_app/index.html.haml:2:in `_app_views_test_app_index_html_haml___1971382725_2201282600_0'
  lib/test_app.rb:6:in `index'

Rendered /opt/local/lib/ruby/gems/1.8/gems/actionpack-3.0.7/lib/action_dispatch/middleware/templates/rescues/_trace.erb (1.3ms)
Rendered /opt/local/lib/ruby/gems/1.8/gems/actionpack-3.0.7/lib/action_dispatch/middleware/templates/rescues/_request_and_response.erb (3.9ms)
Rendered /opt/local/lib/ruby/gems/1.8/gems/actionpack-3.0.7/lib/action_dispatch/middleware/templates/rescues/template_error.erb within rescues/layout (11.7ms)


Started GET "/" for 127.0.0.1 at Mon May 16 16:16:04 -0400 2011
Rendered test_app/index.html.haml (1.7ms)

ActionView::Template::Error (undefined method `model_name' for Proc:Class):
    1: %h1 wena choro
    2: %p= link_to "comprar un libro", TestApp.action(:buy)
  app/views/test_app/index.html.haml:2:in `_app_views_test_app_index_html_haml___1971382725_2200857800_0'
  lib/test_app.rb:6:in `index'

Rendered /opt/local/lib/ruby/gems/1.8/gems/actionpack-3.0.7/lib/action_dispatch/middleware/templates/rescues/_trace.erb (1.4ms)
Rendered /opt/local/lib/ruby/gems/1.8/gems/actionpack-3.0.7/lib/action_dispatch/middleware/templates/rescues/_request_and_response.erb (4.0ms)
Rendered /opt/local/lib/ruby/gems/1.8/gems/actionpack-3.0.7/lib/action_dispatch/middleware/templates/rescues/template_error.erb within rescues/layout (13.1ms)


Started GET "/" for 127.0.0.1 at Mon May 16 16:16:04 -0400 2011
Rendered test_app/index.html.haml (3.0ms)

ActionView::Template::Error (undefined method `model_name' for Proc:Class):
    1: %h1 wena choro
    2: %p= link_to "comprar un libro", TestApp.action(:buy)
  app/views/test_app/index.html.haml:2:in `_app_views_test_app_index_html_haml___1971382725_2200447860_0'
  lib/test_app.rb:6:in `index'

Rendered /opt/local/lib/ruby/gems/1.8/gems/actionpack-3.0.7/lib/action_dispatch/middleware/templates/rescues/_trace.erb (1.1ms)
Rendered /opt/local/lib/ruby/gems/1.8/gems/actionpack-3.0.7/lib/action_dispatch/middleware/templates/rescues/_request_and_response.erb (3.6ms)
Rendered /opt/local/lib/ruby/gems/1.8/gems/actionpack-3.0.7/lib/action_dispatch/middleware/templates/rescues/template_error.erb within rescues/layout (10.8ms)


Started GET "/" for 127.0.0.1 at Mon May 16 16:16:04 -0400 2011
Rendered test_app/index.html.haml (1.6ms)

ActionView::Template::Error (undefined method `model_name' for Proc:Class):
    1: %h1 wena choro
    2: %p= link_to "comprar un libro", TestApp.action(:buy)
  app/views/test_app/index.html.haml:2:in `_app_views_test_app_index_html_haml___1971382725_2200037920_0'
  lib/test_app.rb:6:in `index'

Rendered /opt/local/lib/ruby/gems/1.8/gems/actionpack-3.0.7/lib/action_dispatch/middleware/templates/rescues/_trace.erb (1.1ms)
Rendered /opt/local/lib/ruby/gems/1.8/gems/actionpack-3.0.7/lib/action_dispatch/middleware/templates/rescues/_request_and_response.erb (3.5ms)
Rendered /opt/local/lib/ruby/gems/1.8/gems/actionpack-3.0.7/lib/action_dispatch/middleware/templates/rescues/template_error.erb within rescues/layout (10.2ms)


Started GET "/" for 127.0.0.1 at Mon May 16 16:16:04 -0400 2011
Rendered test_app/index.html.haml (1.6ms)

ActionView::Template::Error (undefined method `model_name' for Proc:Class):
    1: %h1 wena choro
    2: %p= link_to "comprar un libro", TestApp.action(:buy)
  app/views/test_app/index.html.haml:2:in `_app_views_test_app_index_html_haml___1971382725_2199622360_0'
  lib/test_app.rb:6:in `index'

Rendered /opt/local/lib/ruby/gems/1.8/gems/actionpack-3.0.7/lib/action_dispatch/middleware/templates/rescues/_trace.erb (1.2ms)
Rendered /opt/local/lib/ruby/gems/1.8/gems/actionpack-3.0.7/lib/action_dispatch/middleware/templates/rescues/_request_and_response.erb (3.6ms)
Rendered /opt/local/lib/ruby/gems/1.8/gems/actionpack-3.0.7/lib/action_dispatch/middleware/templates/rescues/template_error.erb within rescues/layout (10.8ms)


Started GET "/" for 127.0.0.1 at Mon May 16 16:16:04 -0400 2011
Rendered test_app/index.html.haml (114.8ms)

ActionView::Template::Error (undefined method `model_name' for Proc:Class):
    1: %h1 wena choro
    2: %p= link_to "comprar un libro", TestApp.action(:buy)
  app/views/test_app/index.html.haml:2:in `_app_views_test_app_index_html_haml___1971382725_2199194480_0'
  lib/test_app.rb:6:in `index'

Rendered /opt/local/lib/ruby/gems/1.8/gems/actionpack-3.0.7/lib/action_dispatch/middleware/templates/rescues/_trace.erb (1.2ms)
Rendered /opt/local/lib/ruby/gems/1.8/gems/actionpack-3.0.7/lib/action_dispatch/middleware/templates/rescues/_request_and_response.erb (3.8ms)
Rendered /opt/local/lib/ruby/gems/1.8/gems/actionpack-3.0.7/lib/action_dispatch/middleware/templates/rescues/template_error.erb within rescues/layout (10.6ms)


Started GET "/" for 127.0.0.1 at Mon May 16 16:16:38 -0400 2011
Rendered test_app/index.html.haml (1.8ms)

ActionView::Template::Error (undefined method `url_for' for nil:NilClass):
    1: %h1 wena choro
    2: %p= link_to "comprar un libro", :action => :buy
  app/views/test_app/index.html.haml:2:in `_app_views_test_app_index_html_haml___1971382725_2201252300_0'
  lib/test_app.rb:6:in `index'

Rendered /opt/local/lib/ruby/gems/1.8/gems/actionpack-3.0.7/lib/action_dispatch/middleware/templates/rescues/_trace.erb (2.3ms)
Rendered /opt/local/lib/ruby/gems/1.8/gems/actionpack-3.0.7/lib/action_dispatch/middleware/templates/rescues/_request_and_response.erb (4.0ms)
Rendered /opt/local/lib/ruby/gems/1.8/gems/actionpack-3.0.7/lib/action_dispatch/middleware/templates/rescues/template_error.erb within rescues/layout (13.2ms)


Started GET "/" for 127.0.0.1 at Mon May 16 16:16:39 -0400 2011
Rendered test_app/index.html.haml (1.6ms)

ActionView::Template::Error (undefined method `url_for' for nil:NilClass):
    1: %h1 wena choro
    2: %p= link_to "comprar un libro", :action => :buy
  app/views/test_app/index.html.haml:2:in `_app_views_test_app_index_html_haml___1971382725_2200852300_0'
  lib/test_app.rb:6:in `index'

Rendered /opt/local/lib/ruby/gems/1.8/gems/actionpack-3.0.7/lib/action_dispatch/middleware/templates/rescues/_trace.erb (1.4ms)
Rendered /opt/local/lib/ruby/gems/1.8/gems/actionpack-3.0.7/lib/action_dispatch/middleware/templates/rescues/_request_and_response.erb (3.7ms)
Rendered /opt/local/lib/ruby/gems/1.8/gems/actionpack-3.0.7/lib/action_dispatch/middleware/templates/rescues/template_error.erb within rescues/layout (12.8ms)


Started GET "/" for 127.0.0.1 at Mon May 16 16:16:40 -0400 2011
Rendered test_app/index.html.haml (1.6ms)

ActionView::Template::Error (undefined method `url_for' for nil:NilClass):
    1: %h1 wena choro
    2: %p= link_to "comprar un libro", :action => :buy
  app/views/test_app/index.html.haml:2:in `_app_views_test_app_index_html_haml___1971382725_2200431200_0'
  lib/test_app.rb:6:in `index'

Rendered /opt/local/lib/ruby/gems/1.8/gems/actionpack-3.0.7/lib/action_dispatch/middleware/templates/rescues/_trace.erb (1.1ms)
Rendered /opt/local/lib/ruby/gems/1.8/gems/actionpack-3.0.7/lib/action_dispatch/middleware/templates/rescues/_request_and_response.erb (3.8ms)
Rendered /opt/local/lib/ruby/gems/1.8/gems/actionpack-3.0.7/lib/action_dispatch/middleware/templates/rescues/template_error.erb within rescues/layout (10.8ms)


Started GET "/" for 127.0.0.1 at Mon May 16 16:17:03 -0400 2011
Rendered test_app/index.html.haml (2.1ms)

ActionView::Template::Error (undefined method `url_for' for nil:NilClass):
    1: %h1 wena choro
    2: %p= link_to "comprar un libro", :action => :buy
  app/views/test_app/index.html.haml:2:in `_app_views_test_app_index_html_haml___1971382725_2164023560_0'
  lib/test_app.rb:6:in `index'

Rendered /opt/local/lib/ruby/gems/1.8/gems/actionpack-3.0.7/lib/action_dispatch/middleware/templates/rescues/_trace.erb (1.4ms)
Rendered /opt/local/lib/ruby/gems/1.8/gems/actionpack-3.0.7/lib/action_dispatch/middleware/templates/rescues/_request_and_response.erb (5.6ms)
Rendered /opt/local/lib/ruby/gems/1.8/gems/actionpack-3.0.7/lib/action_dispatch/middleware/templates/rescues/template_error.erb within rescues/layout (15.3ms)


Started GET "/" for 127.0.0.1 at Mon May 16 16:17:33 -0400 2011
Rendered test_app/index.html.haml (1.3ms)


Started GET "/buy" for 127.0.0.1 at Mon May 16 16:17:36 -0400 2011

ArgumentError (wrong number of arguments (0 for 1)):
  lib/test_app.rb:10:in `initialize'
  lib/test_app.rb:10:in `new'
  lib/test_app.rb:10:in `buy'

Rendered /opt/local/lib/ruby/gems/1.8/gems/actionpack-3.0.7/lib/action_dispatch/middleware/templates/rescues/_trace.erb (1.4ms)
Rendered /opt/local/lib/ruby/gems/1.8/gems/actionpack-3.0.7/lib/action_dispatch/middleware/templates/rescues/_request_and_response.erb (5.1ms)
Rendered /opt/local/lib/ruby/gems/1.8/gems/actionpack-3.0.7/lib/action_dispatch/middleware/templates/rescues/diagnostics.erb within rescues/layout (13.6ms)


Started GET "/" for 127.0.0.1 at Mon May 16 16:27:56 -0400 2011
Rendered test_app/index.html.haml (1.4ms)


Started GET "/buy" for 127.0.0.1 at Mon May 16 16:27:59 -0400 2011

NoMethodError (You have a nil object when you didn't expect it!
You might have expected an instance of ActiveRecord::Base.
The error occurred while evaluating nil.[]):
  lib/config.rb:13:in `initialize'
  lib/request.rb:16:in `new'
  lib/request.rb:16:in `initialize'
  lib/test_app.rb:10:in `new'
  lib/test_app.rb:10:in `buy'

Rendered /opt/local/lib/ruby/gems/1.8/gems/actionpack-3.0.7/lib/action_dispatch/middleware/templates/rescues/_trace.erb (2.1ms)
Rendered /opt/local/lib/ruby/gems/1.8/gems/actionpack-3.0.7/lib/action_dispatch/middleware/templates/rescues/_request_and_response.erb (5.3ms)
Rendered /opt/local/lib/ruby/gems/1.8/gems/actionpack-3.0.7/lib/action_dispatch/middleware/templates/rescues/diagnostics.erb within rescues/layout (14.7ms)


Started GET "/buy" for 127.0.0.1 at Mon May 16 16:32:03 -0400 2011

NoMethodError (You have a nil object when you didn't expect it!
You might have expected an instance of ActiveRecord::Base.
The error occurred while evaluating nil.[]):
  lib/config.rb:14:in `initialize'
  lib/request.rb:16:in `new'
  lib/request.rb:16:in `initialize'
  lib/test_app.rb:10:in `new'
  lib/test_app.rb:10:in `buy'

Rendered /opt/local/lib/ruby/gems/1.8/gems/actionpack-3.0.7/lib/action_dispatch/middleware/templates/rescues/_trace.erb (1.2ms)
Rendered /opt/local/lib/ruby/gems/1.8/gems/actionpack-3.0.7/lib/action_dispatch/middleware/templates/rescues/_request_and_response.erb (5.3ms)
Rendered /opt/local/lib/ruby/gems/1.8/gems/actionpack-3.0.7/lib/action_dispatch/middleware/templates/rescues/diagnostics.erb within rescues/layout (13.0ms)


Started GET "/buy" for 127.0.0.1 at Mon May 16 16:32:05 -0400 2011

NoMethodError (You have a nil object when you didn't expect it!
You might have expected an instance of ActiveRecord::Base.
The error occurred while evaluating nil.[]):
  lib/config.rb:14:in `initialize'
  lib/request.rb:16:in `new'
  lib/request.rb:16:in `initialize'
  lib/test_app.rb:10:in `new'
  lib/test_app.rb:10:in `buy'

Rendered /opt/local/lib/ruby/gems/1.8/gems/actionpack-3.0.7/lib/action_dispatch/middleware/templates/rescues/_trace.erb (1.2ms)
Rendered /opt/local/lib/ruby/gems/1.8/gems/actionpack-3.0.7/lib/action_dispatch/middleware/templates/rescues/_request_and_response.erb (3.7ms)
Rendered /opt/local/lib/ruby/gems/1.8/gems/actionpack-3.0.7/lib/action_dispatch/middleware/templates/rescues/diagnostics.erb within rescues/layout (10.9ms)


Started GET "/buy" for 127.0.0.1 at Mon May 16 16:32:07 -0400 2011

NoMethodError (You have a nil object when you didn't expect it!
You might have expected an instance of ActiveRecord::Base.
The error occurred while evaluating nil.[]):
  lib/config.rb:14:in `initialize'
  lib/request.rb:16:in `new'
  lib/request.rb:16:in `initialize'
  lib/test_app.rb:10:in `new'
  lib/test_app.rb:10:in `buy'

Rendered /opt/local/lib/ruby/gems/1.8/gems/actionpack-3.0.7/lib/action_dispatch/middleware/templates/rescues/_trace.erb (1.2ms)
Rendered /opt/local/lib/ruby/gems/1.8/gems/actionpack-3.0.7/lib/action_dispatch/middleware/templates/rescues/_request_and_response.erb (4.3ms)
Rendered /opt/local/lib/ruby/gems/1.8/gems/actionpack-3.0.7/lib/action_dispatch/middleware/templates/rescues/diagnostics.erb within rescues/layout (11.7ms)


Started GET "/buy" for 127.0.0.1 at Mon May 16 16:37:48 -0400 2011

NoMethodError (undefined method `define_request' for #<Paypal::Request:0x101f97a70>):
  lib/request.rb:18:in `initialize'
  lib/request.rb:18:in `each'
  lib/request.rb:18:in `initialize'
  lib/test_app.rb:10:in `new'
  lib/test_app.rb:10:in `buy'

Rendered /opt/local/lib/ruby/gems/1.8/gems/actionpack-3.0.7/lib/action_dispatch/middleware/templates/rescues/_trace.erb (1.4ms)
Rendered /opt/local/lib/ruby/gems/1.8/gems/actionpack-3.0.7/lib/action_dispatch/middleware/templates/rescues/_request_and_response.erb (4.9ms)
Rendered /opt/local/lib/ruby/gems/1.8/gems/actionpack-3.0.7/lib/action_dispatch/middleware/templates/rescues/diagnostics.erb within rescues/layout (14.2ms)


Started GET "/buy" for 127.0.0.1 at Mon May 16 16:38:25 -0400 2011

NoMethodError (undefined method `define_request' for #<Paypal::Request:0x101f97a70>):
  lib/request.rb:18:in `initialize'
  lib/request.rb:18:in `each'
  lib/request.rb:18:in `initialize'
  lib/test_app.rb:10:in `new'
  lib/test_app.rb:10:in `buy'

Rendered /opt/local/lib/ruby/gems/1.8/gems/actionpack-3.0.7/lib/action_dispatch/middleware/templates/rescues/_trace.erb (1.2ms)
Rendered /opt/local/lib/ruby/gems/1.8/gems/actionpack-3.0.7/lib/action_dispatch/middleware/templates/rescues/_request_and_response.erb (4.9ms)
Rendered /opt/local/lib/ruby/gems/1.8/gems/actionpack-3.0.7/lib/action_dispatch/middleware/templates/rescues/diagnostics.erb within rescues/layout (12.0ms)


Started GET "/buy" for 127.0.0.1 at Mon May 16 16:40:21 -0400 2011

NoMethodError (You have a nil object when you didn't expect it!
You might have expected an instance of ActiveRecord::Base.
The error occurred while evaluating nil.[]):
  lib/request.rb:22:in `define_request'
  lib/request.rb:18:in `initialize'
  lib/request.rb:18:in `each'
  lib/request.rb:18:in `initialize'
  lib/test_app.rb:10:in `new'
  lib/test_app.rb:10:in `buy'

Rendered /opt/local/lib/ruby/gems/1.8/gems/actionpack-3.0.7/lib/action_dispatch/middleware/templates/rescues/_trace.erb (1.3ms)
Rendered /opt/local/lib/ruby/gems/1.8/gems/actionpack-3.0.7/lib/action_dispatch/middleware/templates/rescues/_request_and_response.erb (4.7ms)
Rendered /opt/local/lib/ruby/gems/1.8/gems/actionpack-3.0.7/lib/action_dispatch/middleware/templates/rescues/diagnostics.erb within rescues/layout (12.7ms)


Started GET "/buy" for 127.0.0.1 at Mon May 16 16:41:27 -0400 2011

NoMethodError (You have a nil object when you didn't expect it!
You might have expected an instance of ActiveRecord::Base.
The error occurred while evaluating nil.[]):
  lib/request.rb:22:in `define_request'
  lib/request.rb:18:in `initialize'
  lib/request.rb:18:in `each'
  lib/request.rb:18:in `initialize'
  lib/test_app.rb:10:in `new'
  lib/test_app.rb:10:in `buy'

Rendered /opt/local/lib/ruby/gems/1.8/gems/actionpack-3.0.7/lib/action_dispatch/middleware/templates/rescues/_trace.erb (1.1ms)
Rendered /opt/local/lib/ruby/gems/1.8/gems/actionpack-3.0.7/lib/action_dispatch/middleware/templates/rescues/_request_and_response.erb (4.6ms)
Rendered /opt/local/lib/ruby/gems/1.8/gems/actionpack-3.0.7/lib/action_dispatch/middleware/templates/rescues/diagnostics.erb within rescues/layout (11.5ms)


Started GET "/buy" for 127.0.0.1 at Mon May 16 16:41:29 -0400 2011

NoMethodError (You have a nil object when you didn't expect it!
You might have expected an instance of ActiveRecord::Base.
The error occurred while evaluating nil.[]):
  lib/request.rb:22:in `define_request'
  lib/request.rb:18:in `initialize'
  lib/request.rb:18:in `each'
  lib/request.rb:18:in `initialize'
  lib/test_app.rb:10:in `new'
  lib/test_app.rb:10:in `buy'

Rendered /opt/local/lib/ruby/gems/1.8/gems/actionpack-3.0.7/lib/action_dispatch/middleware/templates/rescues/_trace.erb (1.3ms)
Rendered /opt/local/lib/ruby/gems/1.8/gems/actionpack-3.0.7/lib/action_dispatch/middleware/templates/rescues/_request_and_response.erb (4.0ms)
Rendered /opt/local/lib/ruby/gems/1.8/gems/actionpack-3.0.7/lib/action_dispatch/middleware/templates/rescues/diagnostics.erb within rescues/layout (12.8ms)


Started GET "/buy" for 127.0.0.1 at Mon May 16 16:41:29 -0400 2011

NoMethodError (You have a nil object when you didn't expect it!
You might have expected an instance of ActiveRecord::Base.
The error occurred while evaluating nil.[]):
  lib/request.rb:22:in `define_request'
  lib/request.rb:18:in `initialize'
  lib/request.rb:18:in `each'
  lib/request.rb:18:in `initialize'
  lib/test_app.rb:10:in `new'
  lib/test_app.rb:10:in `buy'

Rendered /opt/local/lib/ruby/gems/1.8/gems/actionpack-3.0.7/lib/action_dispatch/middleware/templates/rescues/_trace.erb (1.3ms)
Rendered /opt/local/lib/ruby/gems/1.8/gems/actionpack-3.0.7/lib/action_dispatch/middleware/templates/rescues/_request_and_response.erb (4.4ms)
Rendered /opt/local/lib/ruby/gems/1.8/gems/actionpack-3.0.7/lib/action_dispatch/middleware/templates/rescues/diagnostics.erb within rescues/layout (14.0ms)


Started GET "/buy" for 127.0.0.1 at Mon May 16 16:41:30 -0400 2011

NoMethodError (You have a nil object when you didn't expect it!
You might have expected an instance of ActiveRecord::Base.
The error occurred while evaluating nil.[]):
  lib/request.rb:22:in `define_request'
  lib/request.rb:18:in `initialize'
  lib/request.rb:18:in `each'
  lib/request.rb:18:in `initialize'
  lib/test_app.rb:10:in `new'
  lib/test_app.rb:10:in `buy'

Rendered /opt/local/lib/ruby/gems/1.8/gems/actionpack-3.0.7/lib/action_dispatch/middleware/templates/rescues/_trace.erb (1.1ms)
Rendered /opt/local/lib/ruby/gems/1.8/gems/actionpack-3.0.7/lib/action_dispatch/middleware/templates/rescues/_request_and_response.erb (3.8ms)
Rendered /opt/local/lib/ruby/gems/1.8/gems/actionpack-3.0.7/lib/action_dispatch/middleware/templates/rescues/diagnostics.erb within rescues/layout (11.0ms)


Started GET "/buy" for 127.0.0.1 at Mon May 16 16:41:30 -0400 2011

NoMethodError (You have a nil object when you didn't expect it!
You might have expected an instance of ActiveRecord::Base.
The error occurred while evaluating nil.[]):
  lib/request.rb:22:in `define_request'
  lib/request.rb:18:in `initialize'
  lib/request.rb:18:in `each'
  lib/request.rb:18:in `initialize'
  lib/test_app.rb:10:in `new'
  lib/test_app.rb:10:in `buy'

Rendered /opt/local/lib/ruby/gems/1.8/gems/actionpack-3.0.7/lib/action_dispatch/middleware/templates/rescues/_trace.erb (1.1ms)
Rendered /opt/local/lib/ruby/gems/1.8/gems/actionpack-3.0.7/lib/action_dispatch/middleware/templates/rescues/_request_and_response.erb (3.5ms)
Rendered /opt/local/lib/ruby/gems/1.8/gems/actionpack-3.0.7/lib/action_dispatch/middleware/templates/rescues/diagnostics.erb within rescues/layout (10.2ms)


Started GET "/buy" for 127.0.0.1 at Mon May 16 16:41:31 -0400 2011

NoMethodError (You have a nil object when you didn't expect it!
You might have expected an instance of ActiveRecord::Base.
The error occurred while evaluating nil.[]):
  lib/request.rb:22:in `define_request'
  lib/request.rb:18:in `initialize'
  lib/request.rb:18:in `each'
  lib/request.rb:18:in `initialize'
  lib/test_app.rb:10:in `new'
  lib/test_app.rb:10:in `buy'

Rendered /opt/local/lib/ruby/gems/1.8/gems/actionpack-3.0.7/lib/action_dispatch/middleware/templates/rescues/_trace.erb (1.4ms)
Rendered /opt/local/lib/ruby/gems/1.8/gems/actionpack-3.0.7/lib/action_dispatch/middleware/templates/rescues/_request_and_response.erb (3.9ms)
Rendered /opt/local/lib/ruby/gems/1.8/gems/actionpack-3.0.7/lib/action_dispatch/middleware/templates/rescues/diagnostics.erb within rescues/layout (12.3ms)


Started GET "/buy" for 127.0.0.1 at Mon May 16 16:41:31 -0400 2011

NoMethodError (You have a nil object when you didn't expect it!
You might have expected an instance of ActiveRecord::Base.
The error occurred while evaluating nil.[]):
  lib/request.rb:22:in `define_request'
  lib/request.rb:18:in `initialize'
  lib/request.rb:18:in `each'
  lib/request.rb:18:in `initialize'
  lib/test_app.rb:10:in `new'
  lib/test_app.rb:10:in `buy'

Rendered /opt/local/lib/ruby/gems/1.8/gems/actionpack-3.0.7/lib/action_dispatch/middleware/templates/rescues/_trace.erb (1.1ms)
Rendered /opt/local/lib/ruby/gems/1.8/gems/actionpack-3.0.7/lib/action_dispatch/middleware/templates/rescues/_request_and_response.erb (3.7ms)
Rendered /opt/local/lib/ruby/gems/1.8/gems/actionpack-3.0.7/lib/action_dispatch/middleware/templates/rescues/diagnostics.erb within rescues/layout (10.6ms)


Started GET "/buy" for 127.0.0.1 at Mon May 16 16:41:32 -0400 2011

NoMethodError (You have a nil object when you didn't expect it!
You might have expected an instance of ActiveRecord::Base.
The error occurred while evaluating nil.[]):
  lib/request.rb:22:in `define_request'
  lib/request.rb:18:in `initialize'
  lib/request.rb:18:in `each'
  lib/request.rb:18:in `initialize'
  lib/test_app.rb:10:in `new'
  lib/test_app.rb:10:in `buy'

Rendered /opt/local/lib/ruby/gems/1.8/gems/actionpack-3.0.7/lib/action_dispatch/middleware/templates/rescues/_trace.erb (1.2ms)
Rendered /opt/local/lib/ruby/gems/1.8/gems/actionpack-3.0.7/lib/action_dispatch/middleware/templates/rescues/_request_and_response.erb (3.7ms)
Rendered /opt/local/lib/ruby/gems/1.8/gems/actionpack-3.0.7/lib/action_dispatch/middleware/templates/rescues/diagnostics.erb within rescues/layout (10.8ms)


Started GET "/buy" for 127.0.0.1 at Mon May 16 16:44:54 -0400 2011

NoMethodError (undefined method `pay' for #<Paypal::Request:0x101f97a98>):
  lib/test_app.rb:22:in `buy'

Rendered /opt/local/lib/ruby/gems/1.8/gems/actionpack-3.0.7/lib/action_dispatch/middleware/templates/rescues/_trace.erb (1.4ms)
Rendered /opt/local/lib/ruby/gems/1.8/gems/actionpack-3.0.7/lib/action_dispatch/middleware/templates/rescues/_request_and_response.erb (5.2ms)
Rendered /opt/local/lib/ruby/gems/1.8/gems/actionpack-3.0.7/lib/action_dispatch/middleware/templates/rescues/diagnostics.erb within rescues/layout (13.9ms)


Started GET "/buy" for 127.0.0.1 at Mon May 16 17:18:38 -0400 2011

NoMethodError (undefined method `api_base_url' for #<Paypal::Config:0x101f97930>):
  lib/request.rb:39:in `api_call'
  lib/request.rb:31:in `send'
  lib/request.rb:31:in `pay'
  lib/test_app.rb:22:in `buy'

Rendered /opt/local/lib/ruby/gems/1.8/gems/actionpack-3.0.7/lib/action_dispatch/middleware/templates/rescues/_trace.erb (1.4ms)
Rendered /opt/local/lib/ruby/gems/1.8/gems/actionpack-3.0.7/lib/action_dispatch/middleware/templates/rescues/_request_and_response.erb (6.9ms)
Rendered /opt/local/lib/ruby/gems/1.8/gems/actionpack-3.0.7/lib/action_dispatch/middleware/templates/rescues/diagnostics.erb within rescues/layout (18.1ms)


Started GET "/buy" for 127.0.0.1 at Mon May 16 17:20:05 -0400 2011

URI::InvalidURIError (bad URI(is not URI?): ):
  lib/request.rb:39:in `api_call'
  lib/request.rb:31:in `send'
  lib/request.rb:31:in `pay'
  lib/test_app.rb:22:in `buy'

Rendered /opt/local/lib/ruby/gems/1.8/gems/actionpack-3.0.7/lib/action_dispatch/middleware/templates/rescues/_trace.erb (1.3ms)
Rendered /opt/local/lib/ruby/gems/1.8/gems/actionpack-3.0.7/lib/action_dispatch/middleware/templates/rescues/_request_and_response.erb (5.5ms)
Rendered /opt/local/lib/ruby/gems/1.8/gems/actionpack-3.0.7/lib/action_dispatch/middleware/templates/rescues/diagnostics.erb within rescues/layout (14.1ms)


Started GET "/" for 127.0.0.1 at Mon May 16 17:46:29 -0400 2011
Rendered test_app/index.html.haml (1.6ms)

ActionView::Template::Error (undefined method `api_base_url' for nil:NilClass):
    1: %h1 wena choro
    2: -#%p= link_to "comprar un libro", "/buy"
    3: %p= @config.api_base_url
  app/views/test_app/index.html.haml:3:in `_app_views_test_app_index_html_haml___1971382725_2164015220_0'
  lib/test_app.rb:7:in `index'

Rendered /opt/local/lib/ruby/gems/1.8/gems/actionpack-3.0.7/lib/action_dispatch/middleware/templates/rescues/_trace.erb (1.9ms)
Rendered /opt/local/lib/ruby/gems/1.8/gems/actionpack-3.0.7/lib/action_dispatch/middleware/templates/rescues/_request_and_response.erb (5.3ms)
Rendered /opt/local/lib/ruby/gems/1.8/gems/actionpack-3.0.7/lib/action_dispatch/middleware/templates/rescues/template_error.erb within rescues/layout (14.8ms)


Started GET "/" for 127.0.0.1 at Mon May 16 17:47:00 -0400 2011
Rendered test_app/index.html.haml (1.8ms)

ActionView::Template::Error (undefined method `api_base_url' for #<Paypal::Request:0x101fa2e20>):
    1: %h1 wena choro
    2: -#%p= link_to "comprar un libro", "/buy"
    3: %p= @request.api_base_url
  app/views/test_app/index.html.haml:3:in `_app_views_test_app_index_html_haml___1971382725_2164015300_0'
  lib/test_app.rb:7:in `index'

Rendered /opt/local/lib/ruby/gems/1.8/gems/actionpack-3.0.7/lib/action_dispatch/middleware/templates/rescues/_trace.erb (1.2ms)
Rendered /opt/local/lib/ruby/gems/1.8/gems/actionpack-3.0.7/lib/action_dispatch/middleware/templates/rescues/_request_and_response.erb (4.9ms)
Rendered /opt/local/lib/ruby/gems/1.8/gems/actionpack-3.0.7/lib/action_dispatch/middleware/templates/rescues/template_error.erb within rescues/layout (13.0ms)


Started GET "/" for 127.0.0.1 at Mon May 16 17:47:48 -0400 2011
Rendered test_app/index.html.haml (1.4ms)


Started GET "/" for 127.0.0.1 at Mon May 16 17:51:58 -0400 2011
Rendered test_app/index.html.haml (1.6ms)


Started GET "/" for 127.0.0.1 at Mon May 16 17:55:29 -0400 2011
Rendered test_app/index.html.haml (1.4ms)


Started GET "/buy" for 127.0.0.1 at Mon May 16 17:55:32 -0400 2011

Errno::ECONNRESET (Connection reset by peer):
  lib/request.rb:36:in `api_call'
  lib/request.rb:24:in `send'
  lib/request.rb:24:in `pay'
  lib/test_app.rb:22:in `buy'

Rendered /opt/local/lib/ruby/gems/1.8/gems/actionpack-3.0.7/lib/action_dispatch/middleware/templates/rescues/_trace.erb (1.1ms)
Rendered /opt/local/lib/ruby/gems/1.8/gems/actionpack-3.0.7/lib/action_dispatch/middleware/templates/rescues/_request_and_response.erb (5.2ms)
Rendered /opt/local/lib/ruby/gems/1.8/gems/actionpack-3.0.7/lib/action_dispatch/middleware/templates/rescues/diagnostics.erb within rescues/layout (12.5ms)


Started GET "/" for 127.0.0.1 at Mon May 16 17:56:20 -0400 2011
Rendered test_app/index.html.haml (1.4ms)


Started GET "/" for 127.0.0.1 at Mon May 16 17:56:44 -0400 2011
Rendered test_app/index.html.haml (1.4ms)


Started GET "/buy" for 127.0.0.1 at Mon May 16 17:56:50 -0400 2011

Errno::ECONNRESET (Connection reset by peer):
  lib/request.rb:36:in `api_call'
  lib/request.rb:24:in `send'
  lib/request.rb:24:in `pay'
  lib/test_app.rb:22:in `buy'

Rendered /opt/local/lib/ruby/gems/1.8/gems/actionpack-3.0.7/lib/action_dispatch/middleware/templates/rescues/_trace.erb (1.1ms)
Rendered /opt/local/lib/ruby/gems/1.8/gems/actionpack-3.0.7/lib/action_dispatch/middleware/templates/rescues/_request_and_response.erb (3.3ms)
Rendered /opt/local/lib/ruby/gems/1.8/gems/actionpack-3.0.7/lib/action_dispatch/middleware/templates/rescues/diagnostics.erb within rescues/layout (10.2ms)


Started GET "/" for 127.0.0.1 at Mon May 16 18:00:07 -0400 2011
Rendered test_app/index.html.haml (3.2ms)


Started GET "/buy" for 127.0.0.1 at Mon May 16 18:00:09 -0400 2011

Errno::ECONNRESET (Connection reset by peer):
  lib/request.rb:36:in `api_call'
  lib/request.rb:24:in `send'
  lib/request.rb:24:in `pay'
  lib/test_app.rb:22:in `buy'

Rendered /opt/local/lib/ruby/gems/1.8/gems/actionpack-3.0.7/lib/action_dispatch/middleware/templates/rescues/_trace.erb (1.1ms)
Rendered /opt/local/lib/ruby/gems/1.8/gems/actionpack-3.0.7/lib/action_dispatch/middleware/templates/rescues/_request_and_response.erb (4.8ms)
Rendered /opt/local/lib/ruby/gems/1.8/gems/actionpack-3.0.7/lib/action_dispatch/middleware/templates/rescues/diagnostics.erb within rescues/layout (11.8ms)


Started GET "/" for 127.0.0.1 at Mon May 16 18:13:16 -0400 2011
Rendered test_app/index.html.haml (1.4ms)
